{
  "RSpec": {
    "coverage": {
      "/Users/pradeepkothari/Documents/workspace/jumpstartlab/dinner_dash/app/helpers/application_helper.rb": [
        1,
        null
      ],
      "/Users/pradeepkothari/Documents/workspace/jumpstartlab/dinner_dash/app/models/user.rb": [
        1,
        1,
        1,
        null
      ],
      "/Users/pradeepkothari/Documents/workspace/jumpstartlab/dinner_dash/app/controllers/homes_controller.rb": [
        1,
        1,
        9,
        9,
        null,
        null
      ],
      "/Users/pradeepkothari/Documents/workspace/jumpstartlab/dinner_dash/app/controllers/application_controller.rb": [
        1,
        null,
        null,
        1,
        1,
        1,
        1,
        27,
        null,
        1,
        null
      ],
      "/Users/pradeepkothari/Documents/workspace/jumpstartlab/dinner_dash/app/controllers/concerns/current_cart.rb": [
        1,
        1,
        null,
        1,
        null,
        1,
        3,
        3,
        3,
        3,
        null,
        null,
        null
      ],
      "/Users/pradeepkothari/Documents/workspace/jumpstartlab/dinner_dash/app/models/category.rb": [
        1,
        1,
        null
      ],
      "/Users/pradeepkothari/Documents/workspace/jumpstartlab/dinner_dash/app/models/item.rb": [
        1,
        1,
        null
      ],
      "/Users/pradeepkothari/Documents/workspace/jumpstartlab/dinner_dash/app/controllers/sessions_controller.rb": [
        1,
        1,
        null,
        null,
        1,
        4,
        null,
        4,
        null,
        null,
        3,
        3,
        3,
        null,
        null,
        1,
        null,
        null,
        null,
        1,
        1,
        1,
        null,
        null
      ],
      "/Users/pradeepkothari/Documents/workspace/jumpstartlab/dinner_dash/app/models/cart.rb": [
        1,
        1,
        1,
        null
      ],
      "/Users/pradeepkothari/Documents/workspace/jumpstartlab/dinner_dash/app/controllers/cart_controller.rb": [
        1,
        1,
        1,
        null,
        null
      ],
      "/Users/pradeepkothari/Documents/workspace/jumpstartlab/dinner_dash/app/models/line_item.rb": [
        1,
        1,
        1,
        1,
        null
      ],
      "/Users/pradeepkothari/Documents/workspace/jumpstartlab/dinner_dash/app/controllers/users_controller.rb": [
        1,
        null,
        1,
        1,
        null,
        null,
        1,
        1,
        1,
        1,
        1,
        null,
        0,
        null,
        null,
        null,
        1,
        null,
        1,
        1,
        null,
        null
      ]
    },
    "timestamp": 1423296213
  }
}
