{
  "RSpec": {
    "coverage": {
      "/Users/charlieanna/Documents/workspace/jumpstartlab/dinner_dash/app/helpers/application_helper.rb": [
        1,
        1,
        0,
        0,
        0,
        0,
        null,
        0,
        null,
        null
      ],
      "/Users/charlieanna/Documents/workspace/jumpstartlab/dinner_dash/app/helpers/items_helper.rb": [
        1,
        1,
        0,
        0,
        0,
        0,
        0,
        null,
        0,
        null,
        null
      ],
      "/Users/charlieanna/Documents/workspace/jumpstartlab/dinner_dash/app/models/order.rb": [
        1,
        1,
        1,
        1,
        1,
        1,
        1,
        1,
        0,
        0,
        0,
        null,
        null,
        null,
        1,
        0,
        0,
        0,
        null,
        0,
        null,
        null
      ],
      "/Users/charlieanna/Documents/workspace/jumpstartlab/dinner_dash/app/models/user.rb": [
        1,
        1,
        1,
        1,
        1,
        1,
        null,
        null,
        1,
        0,
        0,
        0,
        null,
        0,
        null,
        null,
        null,
        null,
        null,
        1,
        0,
        0,
        null,
        0,
        0,
        null,
        null,
        null
      ],
      "/Users/charlieanna/Documents/workspace/jumpstartlab/dinner_dash/app/models/line_item.rb": [
        1,
        1,
        1,
        1,
        null,
        1,
        0,
        null,
        null
      ],
      "/Users/charlieanna/Documents/workspace/jumpstartlab/dinner_dash/app/models/item.rb": [
        1,
        1,
        1,
        1,
        1,
        1,
        1,
        1,
        1,
        1,
        null,
        1,
        null
      ],
      "/Users/charlieanna/Documents/workspace/jumpstartlab/dinner_dash/app/models/category.rb": [
        1,
        1,
        null
      ],
      "/Users/charlieanna/Documents/workspace/jumpstartlab/dinner_dash/app/controllers/homes_controller.rb": [
        1,
        1,
        3,
        3,
        null,
        null
      ],
      "/Users/charlieanna/Documents/workspace/jumpstartlab/dinner_dash/app/controllers/application_controller.rb": [
        1,
        null,
        null,
        1,
        1,
        1,
        null,
        1,
        null,
        1,
        0,
        0,
        null,
        null,
        1,
        15,
        null,
        1,
        null
      ],
      "/Users/charlieanna/Documents/workspace/jumpstartlab/dinner_dash/app/controllers/concerns/current_cart.rb": [
        1,
        1,
        null,
        1,
        null,
        1,
        12,
        12,
        12,
        1,
        1,
        null,
        null,
        null
      ],
      "/Users/charlieanna/Documents/workspace/jumpstartlab/dinner_dash/app/models/cart.rb": [
        1,
        1,
        1,
        null,
        1,
        0,
        null,
        null
      ],
      "/Users/charlieanna/Documents/workspace/jumpstartlab/dinner_dash/app/controllers/sessions_controller.rb": [
        1,
        1,
        null,
        null,
        1,
        1,
        null,
        1,
        null,
        null,
        1,
        1,
        1,
        1,
        null,
        null,
        0,
        null,
        null,
        null,
        1,
        0,
        0,
        0,
        null,
        null
      ],
      "/Users/charlieanna/Documents/workspace/jumpstartlab/dinner_dash/app/controllers/reviews_controller.rb": [
        1,
        1,
        2,
        null,
        null,
        1,
        1,
        1,
        null,
        null,
        1,
        1,
        1,
        1,
        1,
        1,
        null,
        null,
        1,
        1,
        null,
        null,
        1,
        1,
        1,
        1,
        null,
        null,
        1,
        null,
        1,
        2,
        null,
        null
      ],
      "/Users/charlieanna/Documents/workspace/jumpstartlab/dinner_dash/app/models/review.rb": [
        1,
        1,
        1,
        null
      ]
    },
    "timestamp": 1423719931
  }
}
